C51 COMPILER V9.60.0.0   SERIAL2                                                           06/12/2022 17:02:46 PAGE 1   


C51 COMPILER V9.60.0.0, COMPILATION OF MODULE SERIAL2
OBJECT MODULE PLACED IN .\Objects\serial2.obj
COMPILER INVOKED BY: F:\Software\Keil\C51\BIN\C51.EXE serial2.c OPTIMIZE(8,SPEED) BROWSE DEBUG OBJECTEXTEND PRINT(.\List
                    -ings\serial2.lst) TABS(2) OBJECT(.\Objects\serial2.obj)

line level    source

   1          #include<reg51.h>
   2          
   3          void main()
   4          {
   5   1        unsigned char t; // Declare here first else results error in Keil
   6   1        TMOD = 0x20;
   7   1        TH1 = 0xFD; // Baud rate = 9600
   8   1        SCON = 0x50;
   9   1        TR1 = 1;
  10   1        
  11   1        while(1)
  12   1        {
  13   2          while(RI==0);
  14   2          t = SBUF;
  15   2          P1 = t;
  16   2          RI = 0;
  17   2        }
  18   1      }


MODULE INFORMATION:   STATIC OVERLAYABLE
   CODE SIZE        =     22    ----
   CONSTANT SIZE    =   ----    ----
   XDATA SIZE       =   ----    ----
   PDATA SIZE       =   ----    ----
   DATA SIZE        =   ----    ----
   IDATA SIZE       =   ----    ----
   BIT SIZE         =   ----    ----
END OF MODULE INFORMATION.


C51 COMPILATION COMPLETE.  0 WARNING(S),  0 ERROR(S)
