C51 COMPILER V9.60.0.0   TIMER1                                                            06/12/2022 16:01:33 PAGE 1   


C51 COMPILER V9.60.0.0, COMPILATION OF MODULE TIMER1
OBJECT MODULE PLACED IN .\Objects\timer1.obj
COMPILER INVOKED BY: F:\Software\Keil\C51\BIN\C51.EXE timer1.c OPTIMIZE(8,SPEED) BROWSE DEBUG OBJECTEXTEND PRINT(.\Listi
                    -ngs\timer1.lst) TABS(2) OBJECT(.\Objects\timer1.obj)

line level    source

   1          /*#include<reg51.h>
   2          sbit led = P1^0;        
   3          void delay();
   4          
   5          main()
   6          {
   7            unsigned int i;
   8            while(1)
   9            {
  10            led=~led;         
  11            for(i=0;i<1000;i++)
  12            delay();        
  13            }
  14          }
  15          
  16          void delay()          
  17          {
  18            TMOD = 0x01;        
  19            TH0= 0xFC;          
  20            TL0 = 0x66;
  21            TR0 = 1;          
  22            while(TF0 == 0);      
  23            TR0 = 0;        
  24            TF0 = 0;        
  25          }*/


MODULE INFORMATION:   STATIC OVERLAYABLE
   CODE SIZE        =   ----    ----
   CONSTANT SIZE    =   ----    ----
   XDATA SIZE       =   ----    ----
   PDATA SIZE       =   ----    ----
   DATA SIZE        =   ----    ----
   IDATA SIZE       =   ----    ----
   BIT SIZE         =   ----    ----
END OF MODULE INFORMATION.


C51 COMPILATION COMPLETE.  0 WARNING(S),  0 ERROR(S)
